<?xml version="1.0" encoding="UTF-8"?>
<!-- Generated by org.testng.reporters.JUnitXMLReporter -->
<testsuite hostname="LAPTOP-F7OMCQ2C" name="Test" tests="18" failures="3" timestamp="25 Nov 2019 11:35:47 GMT" time="204.05" errors="0">
  <testcase name="checkwarningmsg" time="3.756" classname="com.qa.test.HomePageTest">
    <failure type="java.lang.AssertionError" message="expected [If you want to be able to fully use the AdminModules panel and have free modules available, you should enable the following configuration on your server
- Enable PHP&amp;apos;s allow_url_fopen setting] but found []">
      <![CDATA[java.lang.AssertionError: expected [If you want to be able to fully use the AdminModules panel and have free modules available, you should enable the following configuration on your server
- Enable PHP's allow_url_fopen setting] but found []
	at com.qa.test.HomePageTest.checkwarningmsg(HomePageTest.java:82)
... Removed 30 stack frames]]>
    </failure>
  </testcase> <!-- checkwarningmsg -->
  <testcase name="checkmrktplctitle" time="4.651" classname="com.qa.test.HomePageTest">
    <failure type="java.lang.AssertionError" message="expected [exp] but found [Dashboard • SHOPCART]">
      <![CDATA[java.lang.AssertionError: expected [exp] but found [Dashboard • SHOPCART]
	at com.qa.test.HomePageTest.checkmrktplctitle(HomePageTest.java:90)
... Removed 30 stack frames]]>
    </failure>
  </testcase> <!-- checkmrktplctitle -->
  <testcase name="CheckValidLogin" time="0.826" classname="com.qa.test.LoginTest"/>
  <testcase name="CheckTitle" time="0.018" classname="com.qa.test.LoginTest"/>
  <testcase name="validatechecklogoimg" time="0.112" classname="com.qa.test.LoginTest"/>
  <testcase name="Checkinvalidlogin" time="0.563" classname="com.qa.test.LoginTest"/>
  <testcase name="Checkpwderrormsg" time="0.822" classname="com.qa.test.LoginTest"/>
  <testcase name="Checkstayloginbtn" time="0.213" classname="com.qa.test.LoginTest"/>
  <testcase name="validateclickonorder" time="5.034" classname="com.qa.test.OrderTest"/>
  <testcase name="validateclickoninvoices" time="6.473" classname="com.qa.test.OrderTest"/>
  <testcase name="validateclickonmerchandisereturns" time="7.148" classname="com.qa.test.OrderTest"/>
  <testcase name="validateclickondeliveryslips" time="8.45" classname="com.qa.test.OrderTest"/>
  <testcase name="validateclickoncreditslips" time="5.86" classname="com.qa.test.OrderTest"/>
  <testcase name="validateclickonstatuses" time="6.26" classname="com.qa.test.OrderTest"/>
  <testcase name="validateclickonordermsgs" time="5.839" classname="com.qa.test.OrderTest"/>
  <testcase name="validatecreatenewcustomer" time="16.979" classname="com.qa.test.OrderTest"/>
  <testcase name="validatecreatenewcustomer" time="8.719" classname="com.qa.test.OrderTest"/>
  <testcase name="clickonAddCartRules" time="0.001" classname="com.qa.test.PriceruleTest">
    <failure type="java.lang.NullPointerException">
      <![CDATA[java.lang.NullPointerException
	at com.qa.test.PriceruleTest.clickonAddCartRules(PriceruleTest.java:70)
... Removed 24 stack frames]]>
    </failure>
  </testcase> <!-- clickonAddCartRules -->
</testsuite> <!-- Test -->
