<html>
<head>
<title>TestNG:  Test</title>
<link href="../testng.css" rel="stylesheet" type="text/css" />
<link href="../my-testng.css" rel="stylesheet" type="text/css" />

<style type="text/css">
.log { display: none;} 
.stack-trace { display: none;} 
</style>
<script type="text/javascript">
<!--
function flip(e) {
  current = e.style.display;
  if (current == 'block') {
    e.style.display = 'none';
    return 0;
  }
  else {
    e.style.display = 'block';
    return 1;
  }
}

function toggleBox(szDivId, elem, msg1, msg2)
{
  var res = -1;  if (document.getElementById) {
    res = flip(document.getElementById(szDivId));
  }
  else if (document.all) {
    // this is the way old msie versions work
    res = flip(document.all[szDivId]);
  }
  if(elem) {
    if(res == 0) elem.innerHTML = msg1; else elem.innerHTML = msg2;
  }

}

function toggleAllBoxes() {
  if (document.getElementsByTagName) {
    d = document.getElementsByTagName('div');
    for (i = 0; i < d.length; i++) {
      if (d[i].className == 'log') {
        flip(d[i]);
      }
    }
  }
}

// -->
</script>

</head>
<body>
<h2 align='center'>Test</h2><table border='1' align="center">
<tr>
<td>Tests passed/Failed/Skipped:</td><td>15/3/0</td>
</tr><tr>
<td>Started on:</td><td>Mon Nov 25 17:02:23 IST 2019</td>
</tr>
<tr><td>Total time:</td><td>204 seconds (204050 ms)</td>
</tr><tr>
<td>Included groups:</td><td></td>
</tr><tr>
<td>Excluded groups:</td><td></td>
</tr>
</table><p/>
<small><i>(Hover the method name to see the test class name)</i></small><p/>
<table width='100%' border='1' class='invocation-failed'>
<tr><td colspan='4' align='center'><b>FAILED TESTS</b></td></tr>
<tr><td><b>Test method</b></td>
<td width="30%"><b>Exception</b></td>
<td width="10%"><b>Time (seconds)</b></td>
<td><b>Instance</b></td>
</tr>
<tr>
<td title='com.qa.test.HomePageTest.checkmrktplctitle()'><b>checkmrktplctitle</b><br>Test class: com.qa.test.HomePageTest</td>
<td><div><pre>java.lang.AssertionError: expected [exp] but found [Dashboard • SHOPCART]
	at com.qa.test.HomePageTest.checkmrktplctitle(HomePageTest.java:90)
... Removed 30 stack frames</pre></div><a href='#' onClick='toggleBox("stack-trace33533830", this, "Click to show all stack frames", "Click to hide stack frames")'>Click to show all stack frames</a>
<div class='stack-trace' id='stack-trace33533830'><pre>java.lang.AssertionError: expected [exp] but found [Dashboard • SHOPCART]
	at org.testng.Assert.fail(Assert.java:94)
	at org.testng.Assert.failNotEquals(Assert.java:513)
	at org.testng.Assert.assertEqualsImpl(Assert.java:135)
	at org.testng.Assert.assertEquals(Assert.java:116)
	at org.testng.Assert.assertEquals(Assert.java:190)
	at org.testng.Assert.assertEquals(Assert.java:200)
	at com.qa.test.HomePageTest.checkmrktplctitle(HomePageTest.java:90)
	at sun.reflect.NativeMethodAccessorImpl.invoke0(Native Method)
	at sun.reflect.NativeMethodAccessorImpl.invoke(Unknown Source)
	at sun.reflect.DelegatingMethodAccessorImpl.invoke(Unknown Source)
	at java.lang.reflect.Method.invoke(Unknown Source)
	at org.testng.internal.MethodInvocationHelper.invokeMethod(MethodInvocationHelper.java:86)
	at org.testng.internal.Invoker.invokeMethod(Invoker.java:645)
	at org.testng.internal.Invoker.invokeTestMethod(Invoker.java:822)
	at org.testng.internal.Invoker.invokeTestMethods(Invoker.java:1130)
	at org.testng.internal.TestMethodWorker.invokeTestMethods(TestMethodWorker.java:129)
	at org.testng.internal.TestMethodWorker.run(TestMethodWorker.java:112)
	at org.testng.TestRunner.privateRun(TestRunner.java:782)
	at org.testng.TestRunner.run(TestRunner.java:632)
	at org.testng.SuiteRunner.runTest(SuiteRunner.java:366)
	at org.testng.SuiteRunner.runSequentially(SuiteRunner.java:361)
	at org.testng.SuiteRunner.privateRun(SuiteRunner.java:319)
	at org.testng.SuiteRunner.run(SuiteRunner.java:268)
	at org.testng.SuiteRunnerWorker.runSuite(SuiteRunnerWorker.java:52)
	at org.testng.SuiteRunnerWorker.run(SuiteRunnerWorker.java:86)
	at org.testng.TestNG.runSuitesSequentially(TestNG.java:1244)
	at org.testng.TestNG.runSuitesLocally(TestNG.java:1169)
	at org.testng.TestNG.run(TestNG.java:1064)
	at org.testng.remote.RemoteTestNG.run(RemoteTestNG.java:113)
	at org.testng.remote.RemoteTestNG.initAndRun(RemoteTestNG.java:206)
	at org.testng.remote.RemoteTestNG.main(RemoteTestNG.java:177)
</pre></div></td>
<td>4</td>
<td>com.qa.test.HomePageTest@2f32ff</td></tr>
<tr>
<td title='com.qa.test.HomePageTest.checkwarningmsg()'><b>checkwarningmsg</b><br>Test class: com.qa.test.HomePageTest</td>
<td><div><pre>java.lang.AssertionError: expected [If you want to be able to fully use the AdminModules panel and have free modules available, you should enable the following configuration on your server
- Enable PHP&apos;s allow_url_fopen setting] but found []
	at com.qa.test.HomePageTest.checkwarningmsg(HomePageTest.java:82)
... Removed 30 stack frames</pre></div><a href='#' onClick='toggleBox("stack-trace18944964", this, "Click to show all stack frames", "Click to hide stack frames")'>Click to show all stack frames</a>
<div class='stack-trace' id='stack-trace18944964'><pre>java.lang.AssertionError: expected [If you want to be able to fully use the AdminModules panel and have free modules available, you should enable the following configuration on your server
- Enable PHP&apos;s allow_url_fopen setting] but found []
	at org.testng.Assert.fail(Assert.java:94)
	at org.testng.Assert.failNotEquals(Assert.java:513)
	at org.testng.Assert.assertEqualsImpl(Assert.java:135)
	at org.testng.Assert.assertEquals(Assert.java:116)
	at org.testng.Assert.assertEquals(Assert.java:190)
	at org.testng.Assert.assertEquals(Assert.java:200)
	at com.qa.test.HomePageTest.checkwarningmsg(HomePageTest.java:82)
	at sun.reflect.NativeMethodAccessorImpl.invoke0(Native Method)
	at sun.reflect.NativeMethodAccessorImpl.invoke(Unknown Source)
	at sun.reflect.DelegatingMethodAccessorImpl.invoke(Unknown Source)
	at java.lang.reflect.Method.invoke(Unknown Source)
	at org.testng.internal.MethodInvocationHelper.invokeMethod(MethodInvocationHelper.java:86)
	at org.testng.internal.Invoker.invokeMethod(Invoker.java:645)
	at org.testng.internal.Invoker.invokeTestMethod(Invoker.java:822)
	at org.testng.internal.Invoker.invokeTestMethods(Invoker.java:1130)
	at org.testng.internal.TestMethodWorker.invokeTestMethods(TestMethodWorker.java:129)
	at org.testng.internal.TestMethodWorker.run(TestMethodWorker.java:112)
	at org.testng.TestRunner.privateRun(TestRunner.java:782)
	at org.testng.TestRunner.run(TestRunner.java:632)
	at org.testng.SuiteRunner.runTest(SuiteRunner.java:366)
	at org.testng.SuiteRunner.runSequentially(SuiteRunner.java:361)
	at org.testng.SuiteRunner.privateRun(SuiteRunner.java:319)
	at org.testng.SuiteRunner.run(SuiteRunner.java:268)
	at org.testng.SuiteRunnerWorker.runSuite(SuiteRunnerWorker.java:52)
	at org.testng.SuiteRunnerWorker.run(SuiteRunnerWorker.java:86)
	at org.testng.TestNG.runSuitesSequentially(TestNG.java:1244)
	at org.testng.TestNG.runSuitesLocally(TestNG.java:1169)
	at org.testng.TestNG.run(TestNG.java:1064)
	at org.testng.remote.RemoteTestNG.run(RemoteTestNG.java:113)
	at org.testng.remote.RemoteTestNG.initAndRun(RemoteTestNG.java:206)
	at org.testng.remote.RemoteTestNG.main(RemoteTestNG.java:177)
</pre></div></td>
<td>3</td>
<td>com.qa.test.HomePageTest@2f32ff</td></tr>
<tr>
<td title='com.qa.test.PriceruleTest.clickonAddCartRules()'><b>clickonAddCartRules</b><br>Test class: com.qa.test.PriceruleTest<br>Parameters: TC01, arthymane(arthymane27@gmail.com), 1000</td>
<td><div><pre>java.lang.NullPointerException
	at com.qa.test.PriceruleTest.clickonAddCartRules(PriceruleTest.java:70)
... Removed 24 stack frames</pre></div><a href='#' onClick='toggleBox("stack-trace8650998", this, "Click to show all stack frames", "Click to hide stack frames")'>Click to show all stack frames</a>
<div class='stack-trace' id='stack-trace8650998'><pre>java.lang.NullPointerException
	at com.qa.test.PriceruleTest.clickonAddCartRules(PriceruleTest.java:70)
	at sun.reflect.NativeMethodAccessorImpl.invoke0(Native Method)
	at sun.reflect.NativeMethodAccessorImpl.invoke(Unknown Source)
	at sun.reflect.DelegatingMethodAccessorImpl.invoke(Unknown Source)
	at java.lang.reflect.Method.invoke(Unknown Source)
	at org.testng.internal.MethodInvocationHelper.invokeMethod(MethodInvocationHelper.java:86)
	at org.testng.internal.Invoker.invokeMethod(Invoker.java:645)
	at org.testng.internal.Invoker.invokeTestMethod(Invoker.java:822)
	at org.testng.internal.Invoker.invokeTestMethods(Invoker.java:1130)
	at org.testng.internal.TestMethodWorker.invokeTestMethods(TestMethodWorker.java:129)
	at org.testng.internal.TestMethodWorker.run(TestMethodWorker.java:112)
	at org.testng.TestRunner.privateRun(TestRunner.java:782)
	at org.testng.TestRunner.run(TestRunner.java:632)
	at org.testng.SuiteRunner.runTest(SuiteRunner.java:366)
	at org.testng.SuiteRunner.runSequentially(SuiteRunner.java:361)
	at org.testng.SuiteRunner.privateRun(SuiteRunner.java:319)
	at org.testng.SuiteRunner.run(SuiteRunner.java:268)
	at org.testng.SuiteRunnerWorker.runSuite(SuiteRunnerWorker.java:52)
	at org.testng.SuiteRunnerWorker.run(SuiteRunnerWorker.java:86)
	at org.testng.TestNG.runSuitesSequentially(TestNG.java:1244)
	at org.testng.TestNG.runSuitesLocally(TestNG.java:1169)
	at org.testng.TestNG.run(TestNG.java:1064)
	at org.testng.remote.RemoteTestNG.run(RemoteTestNG.java:113)
	at org.testng.remote.RemoteTestNG.initAndRun(RemoteTestNG.java:206)
	at org.testng.remote.RemoteTestNG.main(RemoteTestNG.java:177)
</pre></div></td>
<td>0</td>
<td>com.qa.test.PriceruleTest@18a00e3</td></tr>
</table><p>
<table width='100%' border='1' class='invocation-passed'>
<tr><td colspan='4' align='center'><b>PASSED TESTS</b></td></tr>
<tr><td><b>Test method</b></td>
<td width="30%"><b>Exception</b></td>
<td width="10%"><b>Time (seconds)</b></td>
<td><b>Instance</b></td>
</tr>
<tr>
<td title='com.qa.test.LoginTest.CheckTitle()'><b>CheckTitle</b><br>Test class: com.qa.test.LoginTest</td>
<td></td>
<td>0</td>
<td>com.qa.test.LoginTest@13f2bb1</td></tr>
<tr>
<td title='com.qa.test.LoginTest.CheckValidLogin()'><b>CheckValidLogin</b><br>Test class: com.qa.test.LoginTest</td>
<td></td>
<td>0</td>
<td>com.qa.test.LoginTest@13f2bb1</td></tr>
<tr>
<td title='com.qa.test.LoginTest.Checkinvalidlogin()'><b>Checkinvalidlogin</b><br>Test class: com.qa.test.LoginTest</td>
<td></td>
<td>0</td>
<td>com.qa.test.LoginTest@13f2bb1</td></tr>
<tr>
<td title='com.qa.test.LoginTest.Checkpwderrormsg()'><b>Checkpwderrormsg</b><br>Test class: com.qa.test.LoginTest</td>
<td></td>
<td>0</td>
<td>com.qa.test.LoginTest@13f2bb1</td></tr>
<tr>
<td title='com.qa.test.LoginTest.Checkstayloginbtn()'><b>Checkstayloginbtn</b><br>Test class: com.qa.test.LoginTest</td>
<td></td>
<td>0</td>
<td>com.qa.test.LoginTest@13f2bb1</td></tr>
<tr>
<td title='com.qa.test.LoginTest.validatechecklogoimg()'><b>validatechecklogoimg</b><br>Test class: com.qa.test.LoginTest</td>
<td></td>
<td>0</td>
<td>com.qa.test.LoginTest@13f2bb1</td></tr>
<tr>
<td title='com.qa.test.OrderTest.validateclickoncreditslips()'><b>validateclickoncreditslips</b><br>Test class: com.qa.test.OrderTest</td>
<td></td>
<td>5</td>
<td>com.qa.test.OrderTest@e9a829</td></tr>
<tr>
<td title='com.qa.test.OrderTest.validateclickondeliveryslips()'><b>validateclickondeliveryslips</b><br>Test class: com.qa.test.OrderTest</td>
<td></td>
<td>8</td>
<td>com.qa.test.OrderTest@e9a829</td></tr>
<tr>
<td title='com.qa.test.OrderTest.validateclickoninvoices()'><b>validateclickoninvoices</b><br>Test class: com.qa.test.OrderTest</td>
<td></td>
<td>6</td>
<td>com.qa.test.OrderTest@e9a829</td></tr>
<tr>
<td title='com.qa.test.OrderTest.validateclickonmerchandisereturns()'><b>validateclickonmerchandisereturns</b><br>Test class: com.qa.test.OrderTest</td>
<td></td>
<td>7</td>
<td>com.qa.test.OrderTest@e9a829</td></tr>
<tr>
<td title='com.qa.test.OrderTest.validateclickonorder()'><b>validateclickonorder</b><br>Test class: com.qa.test.OrderTest</td>
<td></td>
<td>5</td>
<td>com.qa.test.OrderTest@e9a829</td></tr>
<tr>
<td title='com.qa.test.OrderTest.validateclickonordermsgs()'><b>validateclickonordermsgs</b><br>Test class: com.qa.test.OrderTest</td>
<td></td>
<td>5</td>
<td>com.qa.test.OrderTest@e9a829</td></tr>
<tr>
<td title='com.qa.test.OrderTest.validateclickonstatuses()'><b>validateclickonstatuses</b><br>Test class: com.qa.test.OrderTest</td>
<td></td>
<td>6</td>
<td>com.qa.test.OrderTest@e9a829</td></tr>
<tr>
<td title='com.qa.test.OrderTest.validatecreatenewcustomer()'><b>validatecreatenewcustomer</b><br>Test class: com.qa.test.OrderTest<br>Parameters: Queen, Peter</td>
<td></td>
<td>16</td>
<td>com.qa.test.OrderTest@e9a829</td></tr>
<tr>
<td title='com.qa.test.OrderTest.validatecreatenewcustomer()'><b>validatecreatenewcustomer</b><br>Test class: com.qa.test.OrderTest<br>Parameters: David, Cris</td>
<td></td>
<td>8</td>
<td>com.qa.test.OrderTest@e9a829</td></tr>
</table><p>
</body>
</html>