<?xml version="1.0" encoding="UTF-8"?>
<testng-results skipped="0" failed="2" ignored="0" total="8" passed="6">
  <reporter-output>
  </reporter-output>
  <suite name="Suite" duration-ms="54872" started-at="2019-11-26T18:37:22 IST" finished-at="2019-11-26T18:38:17 IST">
    <groups>
    </groups>
    <test name="Test" duration-ms="54872" started-at="2019-11-26T18:37:22 IST" finished-at="2019-11-26T18:38:17 IST">
      <class name="com.qa.test.LoginTest">
        <test-method status="PASS" signature="setup()[pri:0, instance:com.qa.test.LoginTest@525845]" name="setup" is-config="true" duration-ms="4890" started-at="2019-11-26T18:37:46 IST" finished-at="2019-11-26T18:37:51 IST">
          <reporter-output>
          </reporter-output>
        </test-method> <!-- setup -->
        <test-method status="PASS" signature="CheckValidLogin()[pri:1, instance:com.qa.test.LoginTest@525845]" name="CheckValidLogin" duration-ms="241" started-at="2019-11-26T18:37:51 IST" finished-at="2019-11-26T18:37:51 IST">
          <reporter-output>
          </reporter-output>
        </test-method> <!-- CheckValidLogin -->
        <test-method status="PASS" signature="teardown(org.testng.ITestResult)[pri:0, instance:com.qa.test.LoginTest@525845]" name="teardown" is-config="true" duration-ms="148" started-at="2019-11-26T18:37:51 IST" finished-at="2019-11-26T18:37:51 IST">
          <params>
            <param index="0">
              <value>
                <![CDATA[[TestResult name=CheckValidLogin status=SUCCESS method=LoginTest.CheckValidLogin()[pri:1, instance:com.qa.test.LoginTest@525845] output={null}]]]>
              </value>
            </param>
          </params>
          <reporter-output>
          </reporter-output>
        </test-method> <!-- teardown -->
        <test-method status="PASS" signature="setup()[pri:0, instance:com.qa.test.LoginTest@525845]" name="setup" is-config="true" duration-ms="4759" started-at="2019-11-26T18:37:51 IST" finished-at="2019-11-26T18:37:56 IST">
          <reporter-output>
          </reporter-output>
        </test-method> <!-- setup -->
        <test-method status="PASS" signature="CheckTitle()[pri:2, instance:com.qa.test.LoginTest@525845]" name="CheckTitle" duration-ms="10" started-at="2019-11-26T18:37:56 IST" finished-at="2019-11-26T18:37:56 IST">
          <reporter-output>
          </reporter-output>
        </test-method> <!-- CheckTitle -->
        <test-method status="PASS" signature="teardown(org.testng.ITestResult)[pri:0, instance:com.qa.test.LoginTest@525845]" name="teardown" is-config="true" duration-ms="49" started-at="2019-11-26T18:37:56 IST" finished-at="2019-11-26T18:37:56 IST">
          <params>
            <param index="0">
              <value>
                <![CDATA[[TestResult name=CheckTitle status=SUCCESS method=LoginTest.CheckTitle()[pri:2, instance:com.qa.test.LoginTest@525845] output={null}]]]>
              </value>
            </param>
          </params>
          <reporter-output>
          </reporter-output>
        </test-method> <!-- teardown -->
        <test-method status="PASS" signature="setup()[pri:0, instance:com.qa.test.LoginTest@525845]" name="setup" is-config="true" duration-ms="4962" started-at="2019-11-26T18:37:56 IST" finished-at="2019-11-26T18:38:01 IST">
          <reporter-output>
          </reporter-output>
        </test-method> <!-- setup -->
        <test-method status="PASS" signature="validatechecklogoimg()[pri:3, instance:com.qa.test.LoginTest@525845]" name="validatechecklogoimg" duration-ms="40" started-at="2019-11-26T18:38:01 IST" finished-at="2019-11-26T18:38:01 IST">
          <reporter-output>
          </reporter-output>
        </test-method> <!-- validatechecklogoimg -->
        <test-method status="PASS" signature="teardown(org.testng.ITestResult)[pri:0, instance:com.qa.test.LoginTest@525845]" name="teardown" is-config="true" duration-ms="59" started-at="2019-11-26T18:38:01 IST" finished-at="2019-11-26T18:38:01 IST">
          <params>
            <param index="0">
              <value>
                <![CDATA[[TestResult name=validatechecklogoimg status=SUCCESS method=LoginTest.validatechecklogoimg()[pri:3, instance:com.qa.test.LoginTest@525845] output={null}]]]>
              </value>
            </param>
          </params>
          <reporter-output>
          </reporter-output>
        </test-method> <!-- teardown -->
        <test-method status="PASS" signature="setup()[pri:0, instance:com.qa.test.LoginTest@525845]" name="setup" is-config="true" duration-ms="4478" started-at="2019-11-26T18:38:01 IST" finished-at="2019-11-26T18:38:05 IST">
          <reporter-output>
          </reporter-output>
        </test-method> <!-- setup -->
        <test-method status="PASS" signature="Checkinvalidlogin()[pri:4, instance:com.qa.test.LoginTest@525845]" name="Checkinvalidlogin" duration-ms="251" started-at="2019-11-26T18:38:05 IST" finished-at="2019-11-26T18:38:06 IST">
          <reporter-output>
          </reporter-output>
        </test-method> <!-- Checkinvalidlogin -->
        <test-method status="PASS" signature="teardown(org.testng.ITestResult)[pri:0, instance:com.qa.test.LoginTest@525845]" name="teardown" is-config="true" duration-ms="57" started-at="2019-11-26T18:38:06 IST" finished-at="2019-11-26T18:38:06 IST">
          <params>
            <param index="0">
              <value>
                <![CDATA[[TestResult name=Checkinvalidlogin status=SUCCESS method=LoginTest.Checkinvalidlogin()[pri:4, instance:com.qa.test.LoginTest@525845] output={null}]]]>
              </value>
            </param>
          </params>
          <reporter-output>
          </reporter-output>
        </test-method> <!-- teardown -->
        <test-method status="PASS" signature="setup()[pri:0, instance:com.qa.test.LoginTest@525845]" name="setup" is-config="true" duration-ms="6058" started-at="2019-11-26T18:38:06 IST" finished-at="2019-11-26T18:38:12 IST">
          <reporter-output>
          </reporter-output>
        </test-method> <!-- setup -->
        <test-method status="PASS" signature="Checkpwderrormsg()[pri:5, instance:com.qa.test.LoginTest@525845]" name="Checkpwderrormsg" duration-ms="266" started-at="2019-11-26T18:38:12 IST" finished-at="2019-11-26T18:38:12 IST">
          <reporter-output>
          </reporter-output>
        </test-method> <!-- Checkpwderrormsg -->
        <test-method status="PASS" signature="teardown(org.testng.ITestResult)[pri:0, instance:com.qa.test.LoginTest@525845]" name="teardown" is-config="true" duration-ms="52" started-at="2019-11-26T18:38:12 IST" finished-at="2019-11-26T18:38:12 IST">
          <params>
            <param index="0">
              <value>
                <![CDATA[[TestResult name=Checkpwderrormsg status=SUCCESS method=LoginTest.Checkpwderrormsg()[pri:5, instance:com.qa.test.LoginTest@525845] output={null}]]]>
              </value>
            </param>
          </params>
          <reporter-output>
          </reporter-output>
        </test-method> <!-- teardown -->
        <test-method status="PASS" signature="setup()[pri:0, instance:com.qa.test.LoginTest@525845]" name="setup" is-config="true" duration-ms="5260" started-at="2019-11-26T18:38:12 IST" finished-at="2019-11-26T18:38:17 IST">
          <reporter-output>
          </reporter-output>
        </test-method> <!-- setup -->
        <test-method status="PASS" signature="Checkstayloginbtn()[pri:6, instance:com.qa.test.LoginTest@525845]" name="Checkstayloginbtn" duration-ms="63" started-at="2019-11-26T18:38:17 IST" finished-at="2019-11-26T18:38:17 IST">
          <reporter-output>
          </reporter-output>
        </test-method> <!-- Checkstayloginbtn -->
        <test-method status="PASS" signature="teardown(org.testng.ITestResult)[pri:0, instance:com.qa.test.LoginTest@525845]" name="teardown" is-config="true" duration-ms="50" started-at="2019-11-26T18:38:17 IST" finished-at="2019-11-26T18:38:17 IST">
          <params>
            <param index="0">
              <value>
                <![CDATA[[TestResult name=Checkstayloginbtn status=SUCCESS method=LoginTest.Checkstayloginbtn()[pri:6, instance:com.qa.test.LoginTest@525845] output={null}]]]>
              </value>
            </param>
          </params>
          <reporter-output>
          </reporter-output>
        </test-method> <!-- teardown -->
      </class> <!-- com.qa.test.LoginTest -->
      <class name="com.qa.test.HomePageTest">
        <test-method status="PASS" signature="setup()[pri:0, instance:com.qa.test.HomePageTest@123a213]" name="setup" is-config="true" duration-ms="5855" started-at="2019-11-26T18:37:23 IST" finished-at="2019-11-26T18:37:28 IST">
          <reporter-output>
          </reporter-output>
        </test-method> <!-- setup -->
        <test-method status="FAIL" signature="checkwarningmsg()[pri:8, instance:com.qa.test.HomePageTest@123a213]" name="checkwarningmsg" duration-ms="4599" started-at="2019-11-26T18:37:28 IST" finished-at="2019-11-26T18:37:33 IST">
          <exception class="java.lang.AssertionError">
            <message>
              <![CDATA[expected [If you want to be able to fully use the AdminModules panel and have free modules available, you should enable the following configuration on your server
- Enable PHP's allow_url_fopen setting] but found []]]>
            </message>
            <full-stacktrace>
              <![CDATA[java.lang.AssertionError: expected [If you want to be able to fully use the AdminModules panel and have free modules available, you should enable the following configuration on your server
- Enable PHP's allow_url_fopen setting] but found []
at org.testng.Assert.fail(Assert.java:97)
at org.testng.Assert.assertEqualsImpl(Assert.java:136)
at org.testng.Assert.assertEquals(Assert.java:118)
at org.testng.Assert.assertEquals(Assert.java:575)
at org.testng.Assert.assertEquals(Assert.java:585)
at com.qa.test.HomePageTest.checkwarningmsg(HomePageTest.java:73)
at sun.reflect.NativeMethodAccessorImpl.invoke0(Native Method)
at sun.reflect.NativeMethodAccessorImpl.invoke(NativeMethodAccessorImpl.java:62)
at sun.reflect.DelegatingMethodAccessorImpl.invoke(DelegatingMethodAccessorImpl.java:43)
at java.lang.reflect.Method.invoke(Method.java:497)
at org.testng.internal.MethodInvocationHelper.invokeMethod(MethodInvocationHelper.java:133)
at org.testng.internal.TestInvoker.invokeMethod(TestInvoker.java:584)
at org.testng.internal.TestInvoker.invokeTestMethod(TestInvoker.java:172)
at org.testng.internal.MethodRunner.runInSequence(MethodRunner.java:46)
at org.testng.internal.TestInvoker$MethodInvocationAgent.invoke(TestInvoker.java:804)
at org.testng.internal.TestInvoker.invokeTestMethods(TestInvoker.java:145)
at org.testng.internal.TestMethodWorker.invokeTestMethods(TestMethodWorker.java:146)
at org.testng.internal.TestMethodWorker.run(TestMethodWorker.java:128)
at org.testng.TestRunner$$Lambda$46/32501037.accept(Unknown Source)
at java.util.ArrayList.forEach(ArrayList.java:1249)
at org.testng.TestRunner.privateRun(TestRunner.java:770)
at org.testng.TestRunner.run(TestRunner.java:591)
at org.testng.SuiteRunner.runTest(SuiteRunner.java:402)
at org.testng.SuiteRunner.runSequentially(SuiteRunner.java:396)
at org.testng.SuiteRunner.privateRun(SuiteRunner.java:355)
at org.testng.SuiteRunner.run(SuiteRunner.java:304)
at org.testng.SuiteRunnerWorker.runSuite(SuiteRunnerWorker.java:53)
at org.testng.SuiteRunnerWorker.run(SuiteRunnerWorker.java:96)
at org.testng.TestNG.runSuitesSequentially(TestNG.java:1180)
at org.testng.TestNG.runSuitesLocally(TestNG.java:1102)
at org.testng.TestNG.runSuites(TestNG.java:1032)
at org.testng.TestNG.run(TestNG.java:1000)
at org.apache.maven.surefire.testng.TestNGExecutor.run(TestNGExecutor.java:282)
at org.apache.maven.surefire.testng.TestNGXmlTestSuite.execute(TestNGXmlTestSuite.java:83)
at org.apache.maven.surefire.testng.TestNGProvider.invoke(TestNGProvider.java:114)
at org.apache.maven.surefire.booter.ForkedBooter.invokeProviderInSameClassLoader(ForkedBooter.java:286)
at org.apache.maven.surefire.booter.ForkedBooter.runSuitesInProcess(ForkedBooter.java:240)
at org.apache.maven.surefire.booter.ForkedBooter.main(ForkedBooter.java:121)
]]>
            </full-stacktrace>
          </exception> <!-- java.lang.AssertionError -->
          <reporter-output>
          </reporter-output>
        </test-method> <!-- checkwarningmsg -->
        <test-method status="PASS" signature="teardown(org.testng.ITestResult)[pri:0, instance:com.qa.test.HomePageTest@123a213]" name="teardown" is-config="true" duration-ms="471" started-at="2019-11-26T18:37:34 IST" finished-at="2019-11-26T18:37:34 IST">
          <params>
            <param index="0">
              <value>
                <![CDATA[[TestResult name=checkwarningmsg status=FAILURE method=HomePageTest.checkwarningmsg()[pri:8, instance:com.qa.test.HomePageTest@123a213] output={null}]]]>
              </value>
            </param>
          </params>
          <reporter-output>
          </reporter-output>
        </test-method> <!-- teardown -->
        <test-method status="PASS" signature="setup()[pri:0, instance:com.qa.test.HomePageTest@123a213]" name="setup" is-config="true" duration-ms="5181" started-at="2019-11-26T18:37:34 IST" finished-at="2019-11-26T18:37:39 IST">
          <reporter-output>
          </reporter-output>
        </test-method> <!-- setup -->
        <test-method status="FAIL" signature="checkmrktplctitle()[pri:9, instance:com.qa.test.HomePageTest@123a213]" name="checkmrktplctitle" duration-ms="5549" started-at="2019-11-26T18:37:39 IST" finished-at="2019-11-26T18:37:45 IST">
          <exception class="java.lang.AssertionError">
            <message>
              <![CDATA[expected [exp] but found [Dashboard • SHOPCART]]]>
            </message>
            <full-stacktrace>
              <![CDATA[java.lang.AssertionError: expected [exp] but found [Dashboard • SHOPCART]
at org.testng.Assert.fail(Assert.java:97)
at org.testng.Assert.assertEqualsImpl(Assert.java:136)
at org.testng.Assert.assertEquals(Assert.java:118)
at org.testng.Assert.assertEquals(Assert.java:575)
at org.testng.Assert.assertEquals(Assert.java:585)
at com.qa.test.HomePageTest.checkmrktplctitle(HomePageTest.java:81)
at sun.reflect.NativeMethodAccessorImpl.invoke0(Native Method)
at sun.reflect.NativeMethodAccessorImpl.invoke(NativeMethodAccessorImpl.java:62)
at sun.reflect.DelegatingMethodAccessorImpl.invoke(DelegatingMethodAccessorImpl.java:43)
at java.lang.reflect.Method.invoke(Method.java:497)
at org.testng.internal.MethodInvocationHelper.invokeMethod(MethodInvocationHelper.java:133)
at org.testng.internal.TestInvoker.invokeMethod(TestInvoker.java:584)
at org.testng.internal.TestInvoker.invokeTestMethod(TestInvoker.java:172)
at org.testng.internal.MethodRunner.runInSequence(MethodRunner.java:46)
at org.testng.internal.TestInvoker$MethodInvocationAgent.invoke(TestInvoker.java:804)
at org.testng.internal.TestInvoker.invokeTestMethods(TestInvoker.java:145)
at org.testng.internal.TestMethodWorker.invokeTestMethods(TestMethodWorker.java:146)
at org.testng.internal.TestMethodWorker.run(TestMethodWorker.java:128)
at org.testng.TestRunner$$Lambda$46/32501037.accept(Unknown Source)
at java.util.ArrayList.forEach(ArrayList.java:1249)
at org.testng.TestRunner.privateRun(TestRunner.java:770)
at org.testng.TestRunner.run(TestRunner.java:591)
at org.testng.SuiteRunner.runTest(SuiteRunner.java:402)
at org.testng.SuiteRunner.runSequentially(SuiteRunner.java:396)
at org.testng.SuiteRunner.privateRun(SuiteRunner.java:355)
at org.testng.SuiteRunner.run(SuiteRunner.java:304)
at org.testng.SuiteRunnerWorker.runSuite(SuiteRunnerWorker.java:53)
at org.testng.SuiteRunnerWorker.run(SuiteRunnerWorker.java:96)
at org.testng.TestNG.runSuitesSequentially(TestNG.java:1180)
at org.testng.TestNG.runSuitesLocally(TestNG.java:1102)
at org.testng.TestNG.runSuites(TestNG.java:1032)
at org.testng.TestNG.run(TestNG.java:1000)
at org.apache.maven.surefire.testng.TestNGExecutor.run(TestNGExecutor.java:282)
at org.apache.maven.surefire.testng.TestNGXmlTestSuite.execute(TestNGXmlTestSuite.java:83)
at org.apache.maven.surefire.testng.TestNGProvider.invoke(TestNGProvider.java:114)
at org.apache.maven.surefire.booter.ForkedBooter.invokeProviderInSameClassLoader(ForkedBooter.java:286)
at org.apache.maven.surefire.booter.ForkedBooter.runSuitesInProcess(ForkedBooter.java:240)
at org.apache.maven.surefire.booter.ForkedBooter.main(ForkedBooter.java:121)
]]>
            </full-stacktrace>
          </exception> <!-- java.lang.AssertionError -->
          <reporter-output>
          </reporter-output>
        </test-method> <!-- checkmrktplctitle -->
        <test-method status="PASS" signature="teardown(org.testng.ITestResult)[pri:0, instance:com.qa.test.HomePageTest@123a213]" name="teardown" is-config="true" duration-ms="454" started-at="2019-11-26T18:37:45 IST" finished-at="2019-11-26T18:37:46 IST">
          <params>
            <param index="0">
              <value>
                <![CDATA[[TestResult name=checkmrktplctitle status=FAILURE method=HomePageTest.checkmrktplctitle()[pri:9, instance:com.qa.test.HomePageTest@123a213] output={null}]]]>
              </value>
            </param>
          </params>
          <reporter-output>
          </reporter-output>
        </test-method> <!-- teardown -->
      </class> <!-- com.qa.test.HomePageTest -->
    </test> <!-- Test -->
  </suite> <!-- Suite -->
</testng-results>
