<?xml version="1.0" encoding="UTF-8"?>
<testng-results skipped="0" failed="3" total="18" passed="15">
  <reporter-output>
  </reporter-output>
  <suite name="Suite" duration-ms="204050" started-at="2019-11-25T11:32:23Z" finished-at="2019-11-25T11:35:47Z">
    <groups>
    </groups>
    <test name="Test" duration-ms="204050" started-at="2019-11-25T11:32:23Z" finished-at="2019-11-25T11:35:47Z">
      <class name="com.qa.test.LoginTest">
        <test-method status="PASS" signature="setup()[pri:0, instance:com.qa.test.LoginTest@13f2bb1]" name="setup" is-config="true" duration-ms="4933" started-at="2019-11-25T17:02:47Z" finished-at="2019-11-25T17:02:52Z">
          <reporter-output>
          </reporter-output>
        </test-method> <!-- setup -->
        <test-method status="PASS" signature="CheckValidLogin()[pri:1, instance:com.qa.test.LoginTest@13f2bb1]" name="CheckValidLogin" duration-ms="826" started-at="2019-11-25T17:02:52Z" finished-at="2019-11-25T17:02:52Z">
          <reporter-output>
          </reporter-output>
        </test-method> <!-- CheckValidLogin -->
        <test-method status="PASS" signature="teardown()[pri:0, instance:com.qa.test.LoginTest@13f2bb1]" name="teardown" is-config="true" duration-ms="76" started-at="2019-11-25T17:02:52Z" finished-at="2019-11-25T17:02:52Z">
          <reporter-output>
          </reporter-output>
        </test-method> <!-- teardown -->
        <test-method status="PASS" signature="setup()[pri:0, instance:com.qa.test.LoginTest@13f2bb1]" name="setup" is-config="true" duration-ms="5272" started-at="2019-11-25T17:02:52Z" finished-at="2019-11-25T17:02:58Z">
          <reporter-output>
          </reporter-output>
        </test-method> <!-- setup -->
        <test-method status="PASS" signature="CheckTitle()[pri:2, instance:com.qa.test.LoginTest@13f2bb1]" name="CheckTitle" duration-ms="18" started-at="2019-11-25T17:02:58Z" finished-at="2019-11-25T17:02:58Z">
          <reporter-output>
          </reporter-output>
        </test-method> <!-- CheckTitle -->
        <test-method status="PASS" signature="teardown()[pri:0, instance:com.qa.test.LoginTest@13f2bb1]" name="teardown" is-config="true" duration-ms="86" started-at="2019-11-25T17:02:58Z" finished-at="2019-11-25T17:02:58Z">
          <reporter-output>
          </reporter-output>
        </test-method> <!-- teardown -->
        <test-method status="PASS" signature="setup()[pri:0, instance:com.qa.test.LoginTest@13f2bb1]" name="setup" is-config="true" duration-ms="5587" started-at="2019-11-25T17:02:58Z" finished-at="2019-11-25T17:03:03Z">
          <reporter-output>
          </reporter-output>
        </test-method> <!-- setup -->
        <test-method status="PASS" signature="validatechecklogoimg()[pri:3, instance:com.qa.test.LoginTest@13f2bb1]" name="validatechecklogoimg" duration-ms="112" started-at="2019-11-25T17:03:03Z" finished-at="2019-11-25T17:03:04Z">
          <reporter-output>
          </reporter-output>
        </test-method> <!-- validatechecklogoimg -->
        <test-method status="PASS" signature="teardown()[pri:0, instance:com.qa.test.LoginTest@13f2bb1]" name="teardown" is-config="true" duration-ms="159" started-at="2019-11-25T17:03:04Z" finished-at="2019-11-25T17:03:04Z">
          <reporter-output>
          </reporter-output>
        </test-method> <!-- teardown -->
        <test-method status="PASS" signature="setup()[pri:0, instance:com.qa.test.LoginTest@13f2bb1]" name="setup" is-config="true" duration-ms="6091" started-at="2019-11-25T17:03:04Z" finished-at="2019-11-25T17:03:10Z">
          <reporter-output>
          </reporter-output>
        </test-method> <!-- setup -->
        <test-method status="PASS" signature="Checkinvalidlogin()[pri:4, instance:com.qa.test.LoginTest@13f2bb1]" name="Checkinvalidlogin" duration-ms="563" started-at="2019-11-25T17:03:10Z" finished-at="2019-11-25T17:03:10Z">
          <reporter-output>
          </reporter-output>
        </test-method> <!-- Checkinvalidlogin -->
        <test-method status="PASS" signature="teardown()[pri:0, instance:com.qa.test.LoginTest@13f2bb1]" name="teardown" is-config="true" duration-ms="106" started-at="2019-11-25T17:03:10Z" finished-at="2019-11-25T17:03:10Z">
          <reporter-output>
          </reporter-output>
        </test-method> <!-- teardown -->
        <test-method status="PASS" signature="setup()[pri:0, instance:com.qa.test.LoginTest@13f2bb1]" name="setup" is-config="true" duration-ms="4849" started-at="2019-11-25T17:03:10Z" finished-at="2019-11-25T17:03:15Z">
          <reporter-output>
          </reporter-output>
        </test-method> <!-- setup -->
        <test-method status="PASS" signature="Checkpwderrormsg()[pri:5, instance:com.qa.test.LoginTest@13f2bb1]" name="Checkpwderrormsg" duration-ms="822" started-at="2019-11-25T17:03:15Z" finished-at="2019-11-25T17:03:16Z">
          <reporter-output>
          </reporter-output>
        </test-method> <!-- Checkpwderrormsg -->
        <test-method status="PASS" signature="teardown()[pri:0, instance:com.qa.test.LoginTest@13f2bb1]" name="teardown" is-config="true" duration-ms="155" started-at="2019-11-25T17:03:16Z" finished-at="2019-11-25T17:03:16Z">
          <reporter-output>
          </reporter-output>
        </test-method> <!-- teardown -->
        <test-method status="PASS" signature="setup()[pri:0, instance:com.qa.test.LoginTest@13f2bb1]" name="setup" is-config="true" duration-ms="5275" started-at="2019-11-25T17:03:16Z" finished-at="2019-11-25T17:03:22Z">
          <reporter-output>
          </reporter-output>
        </test-method> <!-- setup -->
        <test-method status="PASS" signature="Checkstayloginbtn()[pri:6, instance:com.qa.test.LoginTest@13f2bb1]" name="Checkstayloginbtn" duration-ms="213" started-at="2019-11-25T17:03:22Z" finished-at="2019-11-25T17:03:22Z">
          <reporter-output>
          </reporter-output>
        </test-method> <!-- Checkstayloginbtn -->
        <test-method status="PASS" signature="teardown()[pri:0, instance:com.qa.test.LoginTest@13f2bb1]" name="teardown" is-config="true" duration-ms="162" started-at="2019-11-25T17:03:22Z" finished-at="2019-11-25T17:03:22Z">
          <reporter-output>
          </reporter-output>
        </test-method> <!-- teardown -->
      </class> <!-- com.qa.test.LoginTest -->
      <class name="com.qa.test.OrderTest">
        <test-method status="PASS" signature="setup()[pri:0, instance:com.qa.test.OrderTest@e9a829]" name="setup" is-config="true" duration-ms="6277" started-at="2019-11-25T17:03:22Z" finished-at="2019-11-25T17:03:28Z">
          <reporter-output>
          </reporter-output>
        </test-method> <!-- setup -->
        <test-method status="PASS" signature="validateclickonorder()[pri:1, instance:com.qa.test.OrderTest@e9a829]" name="validateclickonorder" duration-ms="5034" started-at="2019-11-25T17:03:28Z" finished-at="2019-11-25T17:03:33Z">
          <reporter-output>
          </reporter-output>
        </test-method> <!-- validateclickonorder -->
        <test-method status="PASS" signature="teardown()[pri:0, instance:com.qa.test.OrderTest@e9a829]" name="teardown" is-config="true" duration-ms="136" started-at="2019-11-25T17:03:33Z" finished-at="2019-11-25T17:03:33Z">
          <reporter-output>
          </reporter-output>
        </test-method> <!-- teardown -->
        <test-method status="PASS" signature="setup()[pri:0, instance:com.qa.test.OrderTest@e9a829]" name="setup" is-config="true" duration-ms="6868" started-at="2019-11-25T17:03:33Z" finished-at="2019-11-25T17:03:40Z">
          <reporter-output>
          </reporter-output>
        </test-method> <!-- setup -->
        <test-method status="PASS" signature="validateclickoninvoices()[pri:2, instance:com.qa.test.OrderTest@e9a829]" name="validateclickoninvoices" duration-ms="6473" started-at="2019-11-25T17:03:40Z" finished-at="2019-11-25T17:03:47Z">
          <reporter-output>
          </reporter-output>
        </test-method> <!-- validateclickoninvoices -->
        <test-method status="PASS" signature="teardown()[pri:0, instance:com.qa.test.OrderTest@e9a829]" name="teardown" is-config="true" duration-ms="140" started-at="2019-11-25T17:03:47Z" finished-at="2019-11-25T17:03:47Z">
          <reporter-output>
          </reporter-output>
        </test-method> <!-- teardown -->
        <test-method status="PASS" signature="setup()[pri:0, instance:com.qa.test.OrderTest@e9a829]" name="setup" is-config="true" duration-ms="5847" started-at="2019-11-25T17:03:47Z" finished-at="2019-11-25T17:03:53Z">
          <reporter-output>
          </reporter-output>
        </test-method> <!-- setup -->
        <test-method status="PASS" signature="validateclickonmerchandisereturns()[pri:3, instance:com.qa.test.OrderTest@e9a829]" name="validateclickonmerchandisereturns" duration-ms="7148" started-at="2019-11-25T17:03:53Z" finished-at="2019-11-25T17:04:00Z">
          <reporter-output>
          </reporter-output>
        </test-method> <!-- validateclickonmerchandisereturns -->
        <test-method status="PASS" signature="teardown()[pri:0, instance:com.qa.test.OrderTest@e9a829]" name="teardown" is-config="true" duration-ms="107" started-at="2019-11-25T17:04:00Z" finished-at="2019-11-25T17:04:00Z">
          <reporter-output>
          </reporter-output>
        </test-method> <!-- teardown -->
        <test-method status="PASS" signature="setup()[pri:0, instance:com.qa.test.OrderTest@e9a829]" name="setup" is-config="true" duration-ms="6181" started-at="2019-11-25T17:04:00Z" finished-at="2019-11-25T17:04:06Z">
          <reporter-output>
          </reporter-output>
        </test-method> <!-- setup -->
        <test-method status="PASS" signature="validateclickondeliveryslips()[pri:4, instance:com.qa.test.OrderTest@e9a829]" name="validateclickondeliveryslips" duration-ms="8450" started-at="2019-11-25T17:04:06Z" finished-at="2019-11-25T17:04:15Z">
          <reporter-output>
          </reporter-output>
        </test-method> <!-- validateclickondeliveryslips -->
        <test-method status="PASS" signature="teardown()[pri:0, instance:com.qa.test.OrderTest@e9a829]" name="teardown" is-config="true" duration-ms="96" started-at="2019-11-25T17:04:15Z" finished-at="2019-11-25T17:04:15Z">
          <reporter-output>
          </reporter-output>
        </test-method> <!-- teardown -->
        <test-method status="PASS" signature="setup()[pri:0, instance:com.qa.test.OrderTest@e9a829]" name="setup" is-config="true" duration-ms="5851" started-at="2019-11-25T17:04:15Z" finished-at="2019-11-25T17:04:21Z">
          <reporter-output>
          </reporter-output>
        </test-method> <!-- setup -->
        <test-method status="PASS" signature="validateclickoncreditslips()[pri:5, instance:com.qa.test.OrderTest@e9a829]" name="validateclickoncreditslips" duration-ms="5860" started-at="2019-11-25T17:04:21Z" finished-at="2019-11-25T17:04:26Z">
          <reporter-output>
          </reporter-output>
        </test-method> <!-- validateclickoncreditslips -->
        <test-method status="PASS" signature="teardown()[pri:0, instance:com.qa.test.OrderTest@e9a829]" name="teardown" is-config="true" duration-ms="91" started-at="2019-11-25T17:04:26Z" finished-at="2019-11-25T17:04:26Z">
          <reporter-output>
          </reporter-output>
        </test-method> <!-- teardown -->
        <test-method status="PASS" signature="setup()[pri:0, instance:com.qa.test.OrderTest@e9a829]" name="setup" is-config="true" duration-ms="6948" started-at="2019-11-25T17:04:26Z" finished-at="2019-11-25T17:04:33Z">
          <reporter-output>
          </reporter-output>
        </test-method> <!-- setup -->
        <test-method status="PASS" signature="validateclickonstatuses()[pri:6, instance:com.qa.test.OrderTest@e9a829]" name="validateclickonstatuses" duration-ms="6260" started-at="2019-11-25T17:04:33Z" finished-at="2019-11-25T17:04:40Z">
          <reporter-output>
          </reporter-output>
        </test-method> <!-- validateclickonstatuses -->
        <test-method status="PASS" signature="teardown()[pri:0, instance:com.qa.test.OrderTest@e9a829]" name="teardown" is-config="true" duration-ms="2176" started-at="2019-11-25T17:04:40Z" finished-at="2019-11-25T17:04:42Z">
          <reporter-output>
          </reporter-output>
        </test-method> <!-- teardown -->
        <test-method status="PASS" signature="setup()[pri:0, instance:com.qa.test.OrderTest@e9a829]" name="setup" is-config="true" duration-ms="5647" started-at="2019-11-25T17:04:42Z" finished-at="2019-11-25T17:04:48Z">
          <reporter-output>
          </reporter-output>
        </test-method> <!-- setup -->
        <test-method status="PASS" signature="validateclickonordermsgs()[pri:7, instance:com.qa.test.OrderTest@e9a829]" name="validateclickonordermsgs" duration-ms="5839" started-at="2019-11-25T17:04:48Z" finished-at="2019-11-25T17:04:53Z">
          <reporter-output>
          </reporter-output>
        </test-method> <!-- validateclickonordermsgs -->
        <test-method status="PASS" signature="teardown()[pri:0, instance:com.qa.test.OrderTest@e9a829]" name="teardown" is-config="true" duration-ms="2149" started-at="2019-11-25T17:04:53Z" finished-at="2019-11-25T17:04:56Z">
          <reporter-output>
          </reporter-output>
        </test-method> <!-- teardown -->
        <test-method status="PASS" signature="setup()[pri:0, instance:com.qa.test.OrderTest@e9a829]" name="setup" is-config="true" duration-ms="5577" started-at="2019-11-25T17:04:57Z" finished-at="2019-11-25T17:05:02Z">
          <reporter-output>
          </reporter-output>
        </test-method> <!-- setup -->
        <test-method status="PASS" signature="validatecreatenewcustomer(java.lang.String, java.lang.String)[pri:7, instance:com.qa.test.OrderTest@e9a829]" name="validatecreatenewcustomer" duration-ms="16979" started-at="2019-11-25T17:05:02Z" data-provider="gettestdata" finished-at="2019-11-25T17:05:19Z">
          <params>
            <param index="0">
              <value>
                <![CDATA[Queen]]>
              </value>
            </param>
            <param index="1">
              <value>
                <![CDATA[Peter]]>
              </value>
            </param>
          </params>
          <reporter-output>
          </reporter-output>
        </test-method> <!-- validatecreatenewcustomer -->
        <test-method status="PASS" signature="teardown()[pri:0, instance:com.qa.test.OrderTest@e9a829]" name="teardown" is-config="true" duration-ms="2124" started-at="2019-11-25T17:05:19Z" finished-at="2019-11-25T17:05:21Z">
          <reporter-output>
          </reporter-output>
        </test-method> <!-- teardown -->
        <test-method status="PASS" signature="setup()[pri:0, instance:com.qa.test.OrderTest@e9a829]" name="setup" is-config="true" duration-ms="9508" started-at="2019-11-25T17:05:21Z" finished-at="2019-11-25T17:05:31Z">
          <reporter-output>
          </reporter-output>
        </test-method> <!-- setup -->
        <test-method status="PASS" signature="validatecreatenewcustomer(java.lang.String, java.lang.String)[pri:7, instance:com.qa.test.OrderTest@e9a829]" name="validatecreatenewcustomer" duration-ms="8719" started-at="2019-11-25T17:05:31Z" data-provider="gettestdata" finished-at="2019-11-25T17:05:39Z">
          <params>
            <param index="0">
              <value>
                <![CDATA[David]]>
              </value>
            </param>
            <param index="1">
              <value>
                <![CDATA[Cris]]>
              </value>
            </param>
          </params>
          <reporter-output>
          </reporter-output>
        </test-method> <!-- validatecreatenewcustomer -->
        <test-method status="PASS" signature="teardown()[pri:0, instance:com.qa.test.OrderTest@e9a829]" name="teardown" is-config="true" duration-ms="2129" started-at="2019-11-25T17:05:39Z" finished-at="2019-11-25T17:05:42Z">
          <reporter-output>
          </reporter-output>
        </test-method> <!-- teardown -->
      </class> <!-- com.qa.test.OrderTest -->
      <class name="com.qa.test.HomePageTest">
        <test-method status="PASS" signature="setup()[pri:0, instance:com.qa.test.HomePageTest@2f32ff]" name="setup" is-config="true" duration-ms="7562" started-at="2019-11-25T17:02:23Z" finished-at="2019-11-25T17:02:30Z">
          <reporter-output>
          </reporter-output>
        </test-method> <!-- setup -->
        <test-method status="FAIL" signature="checkwarningmsg()[pri:8, instance:com.qa.test.HomePageTest@2f32ff]" name="checkwarningmsg" duration-ms="3756" started-at="2019-11-25T17:02:30Z" finished-at="2019-11-25T17:02:34Z">
          <exception class="java.lang.AssertionError">
            <message>
              <![CDATA[expected [If you want to be able to fully use the AdminModules panel and have free modules available, you should enable the following configuration on your server
- Enable PHP's allow_url_fopen setting] but found []]]>
            </message>
            <full-stacktrace>
              <![CDATA[java.lang.AssertionError: expected [If you want to be able to fully use the AdminModules panel and have free modules available, you should enable the following configuration on your server
- Enable PHP's allow_url_fopen setting] but found []
	at org.testng.Assert.fail(Assert.java:94)
	at org.testng.Assert.failNotEquals(Assert.java:513)
	at org.testng.Assert.assertEqualsImpl(Assert.java:135)
	at org.testng.Assert.assertEquals(Assert.java:116)
	at org.testng.Assert.assertEquals(Assert.java:190)
	at org.testng.Assert.assertEquals(Assert.java:200)
	at com.qa.test.HomePageTest.checkwarningmsg(HomePageTest.java:82)
	at sun.reflect.NativeMethodAccessorImpl.invoke0(Native Method)
	at sun.reflect.NativeMethodAccessorImpl.invoke(Unknown Source)
	at sun.reflect.DelegatingMethodAccessorImpl.invoke(Unknown Source)
	at java.lang.reflect.Method.invoke(Unknown Source)
	at org.testng.internal.MethodInvocationHelper.invokeMethod(MethodInvocationHelper.java:86)
	at org.testng.internal.Invoker.invokeMethod(Invoker.java:645)
	at org.testng.internal.Invoker.invokeTestMethod(Invoker.java:822)
	at org.testng.internal.Invoker.invokeTestMethods(Invoker.java:1130)
	at org.testng.internal.TestMethodWorker.invokeTestMethods(TestMethodWorker.java:129)
	at org.testng.internal.TestMethodWorker.run(TestMethodWorker.java:112)
	at org.testng.TestRunner.privateRun(TestRunner.java:782)
	at org.testng.TestRunner.run(TestRunner.java:632)
	at org.testng.SuiteRunner.runTest(SuiteRunner.java:366)
	at org.testng.SuiteRunner.runSequentially(SuiteRunner.java:361)
	at org.testng.SuiteRunner.privateRun(SuiteRunner.java:319)
	at org.testng.SuiteRunner.run(SuiteRunner.java:268)
	at org.testng.SuiteRunnerWorker.runSuite(SuiteRunnerWorker.java:52)
	at org.testng.SuiteRunnerWorker.run(SuiteRunnerWorker.java:86)
	at org.testng.TestNG.runSuitesSequentially(TestNG.java:1244)
	at org.testng.TestNG.runSuitesLocally(TestNG.java:1169)
	at org.testng.TestNG.run(TestNG.java:1064)
	at org.testng.remote.RemoteTestNG.run(RemoteTestNG.java:113)
	at org.testng.remote.RemoteTestNG.initAndRun(RemoteTestNG.java:206)
	at org.testng.remote.RemoteTestNG.main(RemoteTestNG.java:177)
]]>
            </full-stacktrace>
          </exception> <!-- java.lang.AssertionError -->
          <reporter-output>
          </reporter-output>
        </test-method> <!-- checkwarningmsg -->
        <test-method status="PASS" signature="teardown(org.testng.ITestResult)[pri:0, instance:com.qa.test.HomePageTest@2f32ff]" name="teardown" is-config="true" duration-ms="819" started-at="2019-11-25T17:02:34Z" finished-at="2019-11-25T17:02:35Z">
          <params>
            <param index="0">
              <value>
                <![CDATA[[TestResult name=checkwarningmsg status=FAILURE method=HomePageTest.checkwarningmsg()[pri:8, instance:com.qa.test.HomePageTest@2f32ff] output={null}]]]>
              </value>
            </param>
          </params>
          <reporter-output>
          </reporter-output>
        </test-method> <!-- teardown -->
        <test-method status="PASS" signature="setup()[pri:0, instance:com.qa.test.HomePageTest@2f32ff]" name="setup" is-config="true" duration-ms="6102" started-at="2019-11-25T17:02:35Z" finished-at="2019-11-25T17:02:41Z">
          <reporter-output>
          </reporter-output>
        </test-method> <!-- setup -->
        <test-method status="FAIL" signature="checkmrktplctitle()[pri:9, instance:com.qa.test.HomePageTest@2f32ff]" name="checkmrktplctitle" duration-ms="4651" started-at="2019-11-25T17:02:41Z" finished-at="2019-11-25T17:02:46Z">
          <exception class="java.lang.AssertionError">
            <message>
              <![CDATA[expected [exp] but found [Dashboard • SHOPCART]]]>
            </message>
            <full-stacktrace>
              <![CDATA[java.lang.AssertionError: expected [exp] but found [Dashboard • SHOPCART]
	at org.testng.Assert.fail(Assert.java:94)
	at org.testng.Assert.failNotEquals(Assert.java:513)
	at org.testng.Assert.assertEqualsImpl(Assert.java:135)
	at org.testng.Assert.assertEquals(Assert.java:116)
	at org.testng.Assert.assertEquals(Assert.java:190)
	at org.testng.Assert.assertEquals(Assert.java:200)
	at com.qa.test.HomePageTest.checkmrktplctitle(HomePageTest.java:90)
	at sun.reflect.NativeMethodAccessorImpl.invoke0(Native Method)
	at sun.reflect.NativeMethodAccessorImpl.invoke(Unknown Source)
	at sun.reflect.DelegatingMethodAccessorImpl.invoke(Unknown Source)
	at java.lang.reflect.Method.invoke(Unknown Source)
	at org.testng.internal.MethodInvocationHelper.invokeMethod(MethodInvocationHelper.java:86)
	at org.testng.internal.Invoker.invokeMethod(Invoker.java:645)
	at org.testng.internal.Invoker.invokeTestMethod(Invoker.java:822)
	at org.testng.internal.Invoker.invokeTestMethods(Invoker.java:1130)
	at org.testng.internal.TestMethodWorker.invokeTestMethods(TestMethodWorker.java:129)
	at org.testng.internal.TestMethodWorker.run(TestMethodWorker.java:112)
	at org.testng.TestRunner.privateRun(TestRunner.java:782)
	at org.testng.TestRunner.run(TestRunner.java:632)
	at org.testng.SuiteRunner.runTest(SuiteRunner.java:366)
	at org.testng.SuiteRunner.runSequentially(SuiteRunner.java:361)
	at org.testng.SuiteRunner.privateRun(SuiteRunner.java:319)
	at org.testng.SuiteRunner.run(SuiteRunner.java:268)
	at org.testng.SuiteRunnerWorker.runSuite(SuiteRunnerWorker.java:52)
	at org.testng.SuiteRunnerWorker.run(SuiteRunnerWorker.java:86)
	at org.testng.TestNG.runSuitesSequentially(TestNG.java:1244)
	at org.testng.TestNG.runSuitesLocally(TestNG.java:1169)
	at org.testng.TestNG.run(TestNG.java:1064)
	at org.testng.remote.RemoteTestNG.run(RemoteTestNG.java:113)
	at org.testng.remote.RemoteTestNG.initAndRun(RemoteTestNG.java:206)
	at org.testng.remote.RemoteTestNG.main(RemoteTestNG.java:177)
]]>
            </full-stacktrace>
          </exception> <!-- java.lang.AssertionError -->
          <reporter-output>
          </reporter-output>
        </test-method> <!-- checkmrktplctitle -->
        <test-method status="PASS" signature="teardown(org.testng.ITestResult)[pri:0, instance:com.qa.test.HomePageTest@2f32ff]" name="teardown" is-config="true" duration-ms="937" started-at="2019-11-25T17:02:46Z" finished-at="2019-11-25T17:02:47Z">
          <params>
            <param index="0">
              <value>
                <![CDATA[[TestResult name=checkmrktplctitle status=FAILURE method=HomePageTest.checkmrktplctitle()[pri:9, instance:com.qa.test.HomePageTest@2f32ff] output={null}]]]>
              </value>
            </param>
          </params>
          <reporter-output>
          </reporter-output>
        </test-method> <!-- teardown -->
      </class> <!-- com.qa.test.HomePageTest -->
      <class name="com.qa.test.PriceruleTest">
        <test-method status="PASS" signature="setup()[pri:0, instance:com.qa.test.PriceruleTest@18a00e3]" name="setup" is-config="true" duration-ms="5124" started-at="2019-11-25T17:05:42Z" finished-at="2019-11-25T17:05:47Z">
          <reporter-output>
          </reporter-output>
        </test-method> <!-- setup -->
        <test-method status="FAIL" signature="clickonAddCartRules(java.lang.String, java.lang.String, java.lang.String)[pri:2, instance:com.qa.test.PriceruleTest@18a00e3]" name="clickonAddCartRules" duration-ms="1" started-at="2019-11-25T17:05:47Z" data-provider="conditions" finished-at="2019-11-25T17:05:47Z">
          <params>
            <param index="0">
              <value>
                <![CDATA[TC01]]>
              </value>
            </param>
            <param index="1">
              <value>
                <![CDATA[arthymane(arthymane27@gmail.com)]]>
              </value>
            </param>
            <param index="2">
              <value>
                <![CDATA[1000]]>
              </value>
            </param>
          </params>
          <exception class="java.lang.NullPointerException">
            <full-stacktrace>
              <![CDATA[java.lang.NullPointerException
	at com.qa.test.PriceruleTest.clickonAddCartRules(PriceruleTest.java:70)
	at sun.reflect.NativeMethodAccessorImpl.invoke0(Native Method)
	at sun.reflect.NativeMethodAccessorImpl.invoke(Unknown Source)
	at sun.reflect.DelegatingMethodAccessorImpl.invoke(Unknown Source)
	at java.lang.reflect.Method.invoke(Unknown Source)
	at org.testng.internal.MethodInvocationHelper.invokeMethod(MethodInvocationHelper.java:86)
	at org.testng.internal.Invoker.invokeMethod(Invoker.java:645)
	at org.testng.internal.Invoker.invokeTestMethod(Invoker.java:822)
	at org.testng.internal.Invoker.invokeTestMethods(Invoker.java:1130)
	at org.testng.internal.TestMethodWorker.invokeTestMethods(TestMethodWorker.java:129)
	at org.testng.internal.TestMethodWorker.run(TestMethodWorker.java:112)
	at org.testng.TestRunner.privateRun(TestRunner.java:782)
	at org.testng.TestRunner.run(TestRunner.java:632)
	at org.testng.SuiteRunner.runTest(SuiteRunner.java:366)
	at org.testng.SuiteRunner.runSequentially(SuiteRunner.java:361)
	at org.testng.SuiteRunner.privateRun(SuiteRunner.java:319)
	at org.testng.SuiteRunner.run(SuiteRunner.java:268)
	at org.testng.SuiteRunnerWorker.runSuite(SuiteRunnerWorker.java:52)
	at org.testng.SuiteRunnerWorker.run(SuiteRunnerWorker.java:86)
	at org.testng.TestNG.runSuitesSequentially(TestNG.java:1244)
	at org.testng.TestNG.runSuitesLocally(TestNG.java:1169)
	at org.testng.TestNG.run(TestNG.java:1064)
	at org.testng.remote.RemoteTestNG.run(RemoteTestNG.java:113)
	at org.testng.remote.RemoteTestNG.initAndRun(RemoteTestNG.java:206)
	at org.testng.remote.RemoteTestNG.main(RemoteTestNG.java:177)
]]>
            </full-stacktrace>
          </exception> <!-- java.lang.NullPointerException -->
          <reporter-output>
          </reporter-output>
        </test-method> <!-- clickonAddCartRules -->
        <test-method status="PASS" signature="teardown()[pri:0, instance:com.qa.test.PriceruleTest@18a00e3]" name="teardown" is-config="true" duration-ms="74" started-at="2019-11-25T17:05:47Z" finished-at="2019-11-25T17:05:47Z">
          <reporter-output>
          </reporter-output>
        </test-method> <!-- teardown -->
      </class> <!-- com.qa.test.PriceruleTest -->
    </test> <!-- Test -->
  </suite> <!-- Suite -->
</testng-results>
